0 info it worked if it ends with ok
1 verbose cli [ 'E:\\node_js\\nodejs\\node.exe',
1 verbose cli   'E:\\node_js\\nodejs\\node_modules\\npm\\bin\\npm-cli.js',
1 verbose cli   'start' ]
2 info using npm@3.10.10
3 info using node@v6.10.0
4 verbose run-script [ 'prestart', 'start', 'poststart' ]
5 info lifecycle staffingsystem@0.0.0~prestart: staffingsystem@0.0.0
6 silly lifecycle staffingsystem@0.0.0~prestart: no script for prestart, continuing
7 info lifecycle staffingsystem@0.0.0~start: staffingsystem@0.0.0
8 verbose lifecycle staffingsystem@0.0.0~start: unsafe-perm in lifecycle true
9 verbose lifecycle staffingsystem@0.0.0~start: PATH: E:\node_js\nodejs\node_modules\npm\bin\node-gyp-bin;E:\StaffingSystem\node_modules\.bin;C:\ProgramData\Oracle\Java\javapath;C:\Windows\system32;C:\Windows;C:\Windows\System32\Wbem;C:\Windows\System32\WindowsPowerShell\v1.0\;C:\Program Files\Java\jdk1.8.0_121\bin;C:\Program Files\Java\jdk1.8.0_121\jre\bin;;C:\Program Files (x86)\NVIDIA Corporation\PhysX\Common;E:\node_js\nodejs\;E:\GIT\Git\cmd;;C:\Users\Administrator\AppData\Roaming\npm
10 verbose lifecycle staffingsystem@0.0.0~start: CWD: E:\StaffingSystem
11 silly lifecycle staffingsystem@0.0.0~start: Args: [ '/d /s /c', 'node ./bin/www' ]
12 silly lifecycle staffingsystem@0.0.0~start: Returned: code: 3221225786  signal: null
13 info lifecycle staffingsystem@0.0.0~start: Failed to exec start script
14 verbose stack Error: staffingsystem@0.0.0 start: `node ./bin/www`
14 verbose stack Exit status 3221225786
14 verbose stack     at EventEmitter.<anonymous> (E:\node_js\nodejs\node_modules\npm\lib\utils\lifecycle.js:255:16)
14 verbose stack     at emitTwo (events.js:106:13)
14 verbose stack     at EventEmitter.emit (events.js:191:7)
14 verbose stack     at ChildProcess.<anonymous> (E:\node_js\nodejs\node_modules\npm\lib\utils\spawn.js:40:14)
14 verbose stack     at emitTwo (events.js:106:13)
14 verbose stack     at ChildProcess.emit (events.js:191:7)
14 verbose stack     at maybeClose (internal/child_process.js:877:16)
14 verbose stack     at Process.ChildProcess._handle.onexit (internal/child_process.js:226:5)
15 verbose pkgid staffingsystem@0.0.0
16 verbose cwd E:\StaffingSystem
17 error Windows_NT 6.1.7601
18 error argv "E:\\node_js\\nodejs\\node.exe" "E:\\node_js\\nodejs\\node_modules\\npm\\bin\\npm-cli.js" "start"
19 error node v6.10.0
20 error npm  v3.10.10
21 error code ELIFECYCLE
22 error staffingsystem@0.0.0 start: `node ./bin/www`
22 error Exit status 3221225786
23 error Failed at the staffingsystem@0.0.0 start script 'node ./bin/www'.
23 error Make sure you have the latest version of node.js and npm installed.
23 error If you do, this is most likely a problem with the staffingsystem package,
23 error not with npm itself.
23 error Tell the author that this fails on your system:
23 error     node ./bin/www
23 error You can get information on how to open an issue for this project with:
23 error     npm bugs staffingsystem
23 error Or if that isn't available, you can get their info via:
23 error     npm owner ls staffingsystem
23 error There is likely additional logging output above.
24 verbose exit [ 1, true ]
